Gtk-Message: Failed to load module "overlay-scrollbar"

(Aptana Studio 3:4206): LIBDBUSMENU-GTK-CRITICAL **: watch_submenu: assertion `GTK_IS_MENU_SHELL(menu)' failed

(Aptana Studio 3:4206): LIBDBUSMENU-GTK-CRITICAL **: watch_submenu: assertion `GTK_IS_MENU_SHELL(menu)' failed

(Aptana Studio 3:4206): LIBDBUSMENU-GTK-CRITICAL **: watch_submenu: assertion `GTK_IS_MENU_SHELL(menu)' failed

(Aptana Studio 3:4206): LIBDBUSMENU-GTK-CRITICAL **: watch_submenu: assertion `GTK_IS_MENU_SHELL(menu)' failed

(Aptana Studio 3:4206): LIBDBUSMENU-GTK-CRITICAL **: watch_submenu: assertion `GTK_IS_MENU_SHELL(menu)' failed

(Aptana Studio 3:4206): LIBDBUSMENU-GTK-CRITICAL **: watch_submenu: assertion `GTK_IS_MENU_SHELL(menu)' failed

(Aptana Studio 3:4206): LIBDBUSMENU-GTK-CRITICAL **: watch_submenu: assertion `GTK_IS_MENU_SHELL(menu)' failed
Gtk-Message: Failed to load module "overlay-scrollbar"

(Aptana Studio 3:4272): LIBDBUSMENU-GTK-CRITICAL **: watch_submenu: assertion `GTK_IS_MENU_SHELL(menu)' failed

(Aptana Studio 3:4272): LIBDBUSMENU-GTK-CRITICAL **: watch_submenu: assertion `GTK_IS_MENU_SHELL(menu)' failed

(Aptana Studio 3:4272): LIBDBUSMENU-GTK-CRITICAL **: watch_submenu: assertion `GTK_IS_MENU_SHELL(menu)' failed

(Aptana Studio 3:4272): LIBDBUSMENU-GTK-CRITICAL **: watch_submenu: assertion `GTK_IS_MENU_SHELL(menu)' failed

(Aptana Studio 3:4272): LIBDBUSMENU-GTK-CRITICAL **: watch_submenu: assertion `GTK_IS_MENU_SHELL(menu)' failed

(Aptana Studio 3:4272): LIBDBUSMENU-GTK-CRITICAL **: watch_submenu: assertion `GTK_IS_MENU_SHELL(menu)' failed

(Aptana Studio 3:4272): LIBDBUSMENU-GTK-CRITICAL **: watch_submenu: assertion `GTK_IS_MENU_SHELL(menu)' failed

(Aptana Studio 3:4272): LIBDBUSMENU-GLIB-WARNING **: Trying to remove a child that doesn't believe we're it's parent.

(Aptana Studio 3:4272): LIBDBUSMENU-GLIB-WARNING **: Trying to remove a child that doesn't believe we're it's parent.

(Aptana Studio 3:4272): LIBDBUSMENU-GLIB-WARNING **: Trying to remove a child that doesn't believe we're it's parent.
(Build 3.4.1.201306062137) [ERROR]  null
org.eclipse.jface.text.BadLocationException
	at org.eclipse.jface.text.AbstractDocument.get(AbstractDocument.java:1038)
	at org.eclipse.core.internal.filebuffers.SynchronizableDocument.get(SynchronizableDocument.java:139)
	at com.aptana.editor.erb.html.outline.RHTMLOutlineLabelProvider.getDisplayText(RHTMLOutlineLabelProvider.java:81)
	at com.aptana.editor.erb.html.outline.RHTMLOutlineLabelProvider.getText(RHTMLOutlineLabelProvider.java:63)
	at com.aptana.theme.ThemedDelegatingLabelProvider.getText(ThemedDelegatingLabelProvider.java:51)
	at org.eclipse.jface.viewers.WrappedViewerLabelProvider.getText(WrappedViewerLabelProvider.java:108)
	at org.eclipse.jface.viewers.WrappedViewerLabelProvider.update(WrappedViewerLabelProvider.java:164)
	at org.eclipse.jface.viewers.ViewerColumn.refresh(ViewerColumn.java:152)
	at org.eclipse.jface.viewers.AbstractTreeViewer.doUpdateItem(AbstractTreeViewer.java:938)
	at org.eclipse.jface.viewers.AbstractTreeViewer$UpdateItemSafeRunnable.run(AbstractTreeViewer.java:106)
	at org.eclipse.core.runtime.SafeRunner.run(SafeRunner.java:42)
	at org.eclipse.ui.internal.JFaceUtil$1.run(JFaceUtil.java:49)
	at org.eclipse.jface.util.SafeRunnable.run(SafeRunnable.java:175)
	at org.eclipse.jface.viewers.AbstractTreeViewer.doUpdateItem(AbstractTreeViewer.java:1018)
	at org.eclipse.jface.viewers.StructuredViewer$UpdateItemSafeRunnable.run(StructuredViewer.java:485)
	at org.eclipse.core.runtime.SafeRunner.run(SafeRunner.java:42)
	at org.eclipse.ui.internal.JFaceUtil$1.run(JFaceUtil.java:49)
	at org.eclipse.jface.util.SafeRunnable.run(SafeRunnable.java:175)
	at org.eclipse.jface.viewers.StructuredViewer.updateItem(StructuredViewer.java:2167)
	at org.eclipse.jface.viewers.AbstractTreeViewer.updateChildren(AbstractTreeViewer.java:2725)
	at org.eclipse.jface.viewers.AbstractTreeViewer.internalRefreshStruct(AbstractTreeViewer.java:1908)
	at org.eclipse.jface.viewers.TreeViewer.internalRefreshStruct(TreeViewer.java:721)
	at org.eclipse.jface.viewers.AbstractTreeViewer.internalRefresh(AbstractTreeViewer.java:1883)
	at org.eclipse.jface.viewers.AbstractTreeViewer.internalRefresh(AbstractTreeViewer.java:1840)
	at org.eclipse.jface.viewers.AbstractTreeViewer.internalRefresh(AbstractTreeViewer.java:1826)
	at org.eclipse.jface.viewers.StructuredViewer$7.run(StructuredViewer.java:1508)
	at org.eclipse.jface.viewers.StructuredViewer.preservingSelection(StructuredViewer.java:1443)
	at org.eclipse.jface.viewers.TreeViewer.preservingSelection(TreeViewer.java:403)
	at org.eclipse.jface.viewers.StructuredViewer.preservingSelection(StructuredViewer.java:1404)
	at org.eclipse.jface.viewers.StructuredViewer.refresh(StructuredViewer.java:1506)
	at org.eclipse.jface.viewers.ColumnViewer.refresh(ColumnViewer.java:537)
	at org.eclipse.jface.viewers.StructuredViewer.refresh(StructuredViewer.java:1465)
	at com.aptana.editor.common.outline.CommonOutlinePage.refresh(CommonOutlinePage.java:308)
	at com.aptana.editor.common.AbstractThemeableEditor$3.run(AbstractThemeableEditor.java:1335)
	at org.eclipse.swt.widgets.RunnableLock.run(RunnableLock.java:35)
	at org.eclipse.swt.widgets.Synchronizer.runAsyncMessages(Synchronizer.java:135)
	at org.eclipse.swt.widgets.Display.runAsyncMessages(Display.java:3563)
	at org.eclipse.swt.widgets.Display.readAndDispatch(Display.java:3212)
	at org.eclipse.ui.internal.Workbench.runEventLoop(Workbench.java:2701)
	at org.eclipse.ui.internal.Workbench.runUI(Workbench.java:2665)
	at org.eclipse.ui.internal.Workbench.access$4(Workbench.java:2499)
	at org.eclipse.ui.internal.Workbench$7.run(Workbench.java:679)
	at org.eclipse.core.databinding.observable.Realm.runWithDefault(Realm.java:332)
	at org.eclipse.ui.internal.Workbench.createAndRunWorkbench(Workbench.java:668)
	at org.eclipse.ui.PlatformUI.createAndRunWorkbench(PlatformUI.java:149)
	at com.aptana.rcp.IDEApplication.start(IDEApplication.java:125)
	at org.eclipse.equinox.internal.app.EclipseAppHandle.run(EclipseAppHandle.java:196)
	at org.eclipse.core.runtime.internal.adaptor.EclipseAppLauncher.runApplication(EclipseAppLauncher.java:110)
	at org.eclipse.core.runtime.internal.adaptor.EclipseAppLauncher.start(EclipseAppLauncher.java:79)
	at org.eclipse.core.runtime.adaptor.EclipseStarter.run(EclipseStarter.java:344)
	at org.eclipse.core.runtime.adaptor.EclipseStarter.run(EclipseStarter.java:179)
	at sun.reflect.NativeMethodAccessorImpl.invoke0(Native Method)
	at sun.reflect.NativeMethodAccessorImpl.invoke(NativeMethodAccessorImpl.java:57)
	at sun.reflect.DelegatingMethodAccessorImpl.invoke(DelegatingMethodAccessorImpl.java:43)
	at java.lang.reflect.Method.invoke(Method.java:601)
	at org.eclipse.equinox.launcher.Main.invokeFramework(Main.java:622)
	at org.eclipse.equinox.launcher.Main.basicRun(Main.java:577)
	at org.eclipse.equinox.launcher.Main.run(Main.java:1410)
Error at: }
Error at: }

(Aptana Studio 3:4272): LIBDBUSMENU-GLIB-WARNING **: Trying to remove a child that doesn't believe we're it's parent.

(Aptana Studio 3:4272): LIBDBUSMENU-GLIB-WARNING **: Trying to remove a child that doesn't believe we're it's parent.

(Aptana Studio 3:4272): LIBDBUSMENU-GLIB-WARNING **: Trying to remove a child that doesn't believe we're it's parent.

(Aptana Studio 3:4272): LIBDBUSMENU-GLIB-WARNING **: Trying to remove a child that doesn't believe we're it's parent.
Error at: {

(Aptana Studio 3:4272): LIBDBUSMENU-GLIB-WARNING **: Trying to remove a child that doesn't believe we're it's parent.
Error at: *
Error at: *

(Aptana Studio 3:4272): LIBDBUSMENU-GLIB-WARNING **: Trying to remove a child that doesn't believe we're it's parent.

(Aptana Studio 3:4272): LIBDBUSMENU-GLIB-WARNING **: Trying to remove a child that doesn't believe we're it's parent.

(Aptana Studio 3:4272): LIBDBUSMENU-GLIB-WARNING **: Trying to remove a child that doesn't believe we're it's parent.

(Aptana Studio 3:4272): LIBDBUSMENU-GLIB-WARNING **: Trying to remove a child that doesn't believe we're it's parent.

(Aptana Studio 3:4272): LIBDBUSMENU-GLIB-WARNING **: Trying to remove a child that doesn't believe we're it's parent.

(Aptana Studio 3:4272): LIBDBUSMENU-GLIB-WARNING **: Trying to remove a child that doesn't believe we're it's parent.

(Aptana Studio 3:4272): LIBDBUSMENU-GLIB-WARNING **: Trying to remove a child that doesn't believe we're it's parent.

(Aptana Studio 3:4272): LIBDBUSMENU-GLIB-WARNING **: Trying to remove a child that doesn't believe we're it's parent.

(Aptana Studio 3:4272): LIBDBUSMENU-GLIB-WARNING **: Trying to remove a child that doesn't believe we're it's parent.

(Aptana Studio 3:4272): LIBDBUSMENU-GLIB-WARNING **: Trying to remove a child that doesn't believe we're it's parent.

(Aptana Studio 3:4272): LIBDBUSMENU-GLIB-WARNING **: Trying to remove a child that doesn't believe we're it's parent.
Error at: {
Error at: {
Error at: .png

(Aptana Studio 3:4272): LIBDBUSMENU-GLIB-WARNING **: Trying to remove a child that doesn't believe we're it's parent.

(Aptana Studio 3:4272): LIBDBUSMENU-GLIB-WARNING **: Trying to remove a child that doesn't believe we're it's parent.

(Aptana Studio 3:4272): LIBDBUSMENU-GLIB-WARNING **: Trying to remove a child that doesn't believe we're it's parent.

(Aptana Studio 3:4272): LIBDBUSMENU-GLIB-WARNING **: Trying to remove a child that doesn't believe we're it's parent.

(Aptana Studio 3:4272): LIBDBUSMENU-GLIB-WARNING **: Trying to remove a child that doesn't believe we're it's parent.

(Aptana Studio 3:4272): LIBDBUSMENU-GLIB-WARNING **: Trying to remove a child that doesn't believe we're it's parent.

(Aptana Studio 3:4272): LIBDBUSMENU-GLIB-WARNING **: Trying to remove a child that doesn't believe we're it's parent.
Error at: (

(Aptana Studio 3:4272): LIBDBUSMENU-GLIB-WARNING **: Trying to remove a child that doesn't believe we're it's parent.

(Aptana Studio 3:4272): LIBDBUSMENU-GLIB-WARNING **: Trying to remove a child that doesn't believe we're it's parent.

(Aptana Studio 3:4272): LIBDBUSMENU-GLIB-WARNING **: Trying to remove a child that doesn't believe we're it's parent.

(Aptana Studio 3:4272): LIBDBUSMENU-GLIB-WARNING **: Trying to remove a child that doesn't believe we're it's parent.

(Aptana Studio 3:4272): LIBDBUSMENU-GLIB-WARNING **: Trying to remove a child that doesn't believe we're it's parent.

(Aptana Studio 3:4272): LIBDBUSMENU-GLIB-WARNING **: Trying to remove a child that doesn't believe we're it's parent.

(Aptana Studio 3:4272): LIBDBUSMENU-GLIB-WARNING **: Trying to remove a child that doesn't believe we're it's parent.

(Aptana Studio 3:4272): LIBDBUSMENU-GLIB-WARNING **: Trying to remove a child that doesn't believe we're it's parent.

(Aptana Studio 3:4272): LIBDBUSMENU-GLIB-WARNING **: Trying to remove a child that doesn't believe we're it's parent.

(Aptana Studio 3:4272): LIBDBUSMENU-GLIB-WARNING **: Trying to remove a child that doesn't believe we're it's parent.

(Aptana Studio 3:4272): LIBDBUSMENU-GLIB-WARNING **: Trying to remove a child that doesn't believe we're it's parent.
Error at: <
Error at: lt
Error at: <
Error at: <
Error at: 01
Error at: 02
Error at: 03
Error at: <
Error at: =
Error at: .
Error at: .
Error at: .
Error at: .
Error at: .
Error at: .
Error at: .
Error at: .
Error at: =
Error at: <
Error at: 12
Error at: !
Error at: ?
Error at: .
Error at: <
Error at: 12
Error at: !
Error at: ?
Error at: .
Error at: <
Error at: 12
Error at: !
Error at: ?
Error at: .
Error at: <
Error at: 12
Error at: !
Error at: ?
Error at: .
Error at: =
Error at: <
Error at: <
Error at: .
Error at: .
Error at: .
Error at: .
Error at: .
Error at: <
Error at: <
Error at: 's version  of Lorem Ipsum. Proin gravida nibh vel velit auctor aliquet.
Error at: <
Error at: 's version  of Lorem Ipsum. Proin gravida nibh vel velit auctor aliquet.
Error at: <
Error at: <
Error at: <
Error at: <
Error at: <
Error at: <
Error at: <
Error at: <
Error at: <
Error at: <
Error at: <
Error at: @freshpick
Error at: -
Error at: <
Error at: <
Error at: <
Error at: =
Error at: <
Error at: lt
Error at: <
Error at: <
Error at: 01
Error at: 02
Error at: 03
Error at: <
Error at: =
Error at: .
Error at: .
Error at: .
Error at: .
Error at: .
Error at: .
Error at: .
Error at: .
Error at: =
Error at: <
Error at: 12
Error at: !
Error at: ?
Error at: .
Error at: <
Error at: 12
Error at: !
Error at: ?
Error at: .
Error at: <
Error at: 12
Error at: !
Error at: ?
Error at: .
Error at: <
Error at: 12
Error at: !
Error at: ?
Error at: .
Error at: =
Error at: <
Error at: <
Error at: .
Error at: .
Error at: .
Error at: .
Error at: .
Error at: <
Error at: <
Error at: 's version  of Lorem Ipsum. Proin gravida nibh vel velit auctor aliquet.
Error at: <
Error at: 's version  of Lorem Ipsum. Proin gravida nibh vel velit auctor aliquet.
Error at: <
Error at: <
Error at: <
Error at: <
Error at: <
Error at: <
Error at: <
Error at: <
Error at: <
Error at: <
Error at: <
Error at: @freshpick
Error at: -
Error at: <
Error at: <
Error at: <
Error at: =
Error at: <
Error at: lt
Error at: <
Error at: <
Error at: 01
Error at: 02
Error at: 03
Error at: <
Error at: =
Error at: .
Error at: .
Error at: .
Error at: .
Error at: .
Error at: .
Error at: .
Error at: .
Error at: =
Error at: <
Error at: 12
Error at: !
Error at: ?
Error at: .
Error at: <
Error at: 12
Error at: !
Error at: ?
Error at: .
Error at: <
Error at: 12
Error at: !
Error at: ?
Error at: .
Error at: <
Error at: 12
Error at: !
Error at: ?
Error at: .
Error at: =
Error at: <
Error at: <
Error at: .
Error at: .
Error at: .
Error at: .
Error at: .
Error at: <
Error at: <
Error at: 's version  of Lorem Ipsum. Proin gravida nibh vel velit auctor aliquet.
Error at: <
Error at: 's version  of Lorem Ipsum. Proin gravida nibh vel velit auctor aliquet.
Error at: <
Error at: <
Error at: <
Error at: <
Error at: <
Error at: <
Error at: <
Error at: <
Error at: <
Error at: <
Error at: <
Error at: @freshpick
Error at: -
Error at: <
Error at: <
Error at: <
Error at: =
Error at: end-of-file
Error at: end-of-file
Error at: #F8F8F8
Error at: #F8F8F8
Error at: #F8F8F8
Error at: end-of-file
Error at: :

(Aptana Studio 3:4272): LIBDBUSMENU-GLIB-WARNING **: Trying to remove a child that doesn't believe we're it's parent.

(Aptana Studio 3:4272): LIBDBUSMENU-GLIB-WARNING **: Trying to remove a child that doesn't believe we're it's parent.

(Aptana Studio 3:4272): LIBDBUSMENU-GLIB-WARNING **: Trying to remove a child that doesn't believe we're it's parent.

(Aptana Studio 3:4272): LIBDBUSMENU-GLIB-WARNING **: Trying to remove a child that doesn't believe we're it's parent.

(Aptana Studio 3:4272): LIBDBUSMENU-GLIB-WARNING **: Trying to remove a child that doesn't believe we're it's parent.

(Aptana Studio 3:4272): LIBDBUSMENU-GLIB-WARNING **: Trying to remove a child that doesn't believe we're it's parent.

(Aptana Studio 3:4272): LIBDBUSMENU-GLIB-WARNING **: Trying to remove a child that doesn't believe we're it's parent.
